2017-09-04 13:27:32  [ main:0 ] - [ INFO ]  Refreshing org.springframework.context.support.ClassPathXmlApplicationContext@53bd815b: startup date [Mon Sep 04 13:27:32 CST 2017]; root of context hierarchy
  2017-09-04 13:27:32  [ main:91 ] - [ INFO ]  Loading XML bean definitions from class path resource [spring/spring-mybatis.xml]
  2017-09-04 13:27:33  [ main:1040 ] - [ WARN ]  No MyBatis mapper was found in '[com.jay.dao.*]' package. Please check your configuration.
  2017-09-04 13:27:33  [ main:1060 ] - [ INFO ]  Loading properties file from class path resource [mybatis/mysql.properties]
  2017-09-04 13:27:33  [ main:1089 ] - [ INFO ]  JSR-330 'javax.inject.Inject' annotation found and supported for autowiring
  2017-09-04 13:27:34  [ main:1307 ] - [ INFO ]  Loaded JDBC driver: com.mysql.jdbc.Driver
  2017-09-04 13:27:35  [ main:2742 ] - [ INFO ]  1,bing,BoBai
  2017-09-04 13:27:35  [ main:2742 ] - [ INFO ]  2,Jay,BoBai
  2017-09-04 13:27:35  [ main:2745 ] - [ INFO ]  3,baba,YuLin
  2017-09-04 13:29:14  [ main:0 ] - [ INFO ]  Refreshing org.springframework.context.support.ClassPathXmlApplicationContext@53bd815b: startup date [Mon Sep 04 13:29:14 CST 2017]; root of context hierarchy
  2017-09-04 13:29:14  [ main:63 ] - [ INFO ]  Loading XML bean definitions from class path resource [spring/spring-mybatis.xml]
  2017-09-04 13:29:15  [ main:684 ] - [ WARN ]  No MyBatis mapper was found in '[com.jay.dao.UserDao]' package. Please check your configuration.
  2017-09-04 13:29:15  [ main:701 ] - [ INFO ]  Loading properties file from class path resource [mybatis/mysql.properties]
  2017-09-04 13:29:15  [ main:705 ] - [ INFO ]  JSR-330 'javax.inject.Inject' annotation found and supported for autowiring
  2017-09-04 13:29:15  [ main:819 ] - [ INFO ]  Loaded JDBC driver: com.mysql.jdbc.Driver
  2017-09-04 13:29:58  [ main:0 ] - [ INFO ]  Refreshing org.springframework.context.support.ClassPathXmlApplicationContext@53bd815b: startup date [Mon Sep 04 13:29:58 CST 2017]; root of context hierarchy
  2017-09-04 13:29:59  [ main:173 ] - [ INFO ]  Loading XML bean definitions from class path resource [spring/spring-mybatis.xml]
  2017-09-04 13:30:00  [ main:1349 ] - [ WARN ]  No MyBatis mapper was found in '[com.jay.dao.UserDao]' package. Please check your configuration.
  2017-09-04 13:30:00  [ main:1394 ] - [ INFO ]  Loading properties file from class path resource [mybatis/mysql.properties]
  2017-09-04 13:30:00  [ main:1402 ] - [ INFO ]  JSR-330 'javax.inject.Inject' annotation found and supported for autowiring
  2017-09-04 13:30:00  [ main:1729 ] - [ INFO ]  Loaded JDBC driver: com.mysql.jdbc.Driver
  2017-09-04 13:30:02  [ main:3479 ] - [ INFO ]  1,bing,BoBai
  2017-09-04 13:30:02  [ main:3479 ] - [ INFO ]  2,Jay,BoBai
  2017-09-04 13:30:02  [ main:3479 ] - [ INFO ]  3,baba,YuLin
  2017-09-04 13:37:50  [ main:0 ] - [ INFO ]  Refreshing org.springframework.context.support.ClassPathXmlApplicationContext@53bd815b: startup date [Mon Sep 04 13:37:50 CST 2017]; root of context hierarchy
  2017-09-04 13:37:50  [ main:93 ] - [ INFO ]  Loading XML bean definitions from class path resource [spring/spring-mybatis.xml]
  2017-09-04 13:37:51  [ main:810 ] - [ WARN ]  No MyBatis mapper was found in '[com.jay.dao.UserDao]' package. Please check your configuration.
  2017-09-04 13:37:51  [ main:824 ] - [ INFO ]  Loading properties file from class path resource [mybatis/mysql.properties]
  2017-09-04 13:37:51  [ main:830 ] - [ INFO ]  JSR-330 'javax.inject.Inject' annotation found and supported for autowiring
  2017-09-04 13:37:51  [ main:1052 ] - [ INFO ]  Loaded JDBC driver: com.mysql.jdbc.Driver
  2017-09-04 13:37:52  [ main:2257 ] - [ INFO ]  1,bing,BoBai
  2017-09-04 13:37:52  [ main:2257 ] - [ INFO ]  2,Jay,BoBai
  2017-09-04 13:37:52  [ main:2257 ] - [ INFO ]  3,baba,YuLin
  2017-09-04 13:41:06  [ main:0 ] - [ INFO ]  Refreshing org.springframework.context.support.ClassPathXmlApplicationContext@7e0b0338: startup date [Mon Sep 04 13:41:06 CST 2017]; root of context hierarchy
  2017-09-04 13:41:07  [ main:219 ] - [ INFO ]  Loading XML bean definitions from class path resource [spring/spring-mybatis.xml]
  2017-09-04 13:41:08  [ main:1451 ] - [ WARN ]  No MyBatis mapper was found in '[com.jay.dao.UserDao]' package. Please check your configuration.
  2017-09-04 13:41:08  [ main:1467 ] - [ INFO ]  Loading properties file from class path resource [mybatis/mysql.properties]
  2017-09-04 13:41:08  [ main:1474 ] - [ INFO ]  JSR-330 'javax.inject.Inject' annotation found and supported for autowiring
  2017-09-04 13:41:08  [ main:1650 ] - [ INFO ]  Loaded JDBC driver: com.mysql.jdbc.Driver
  2017-09-04 13:41:09  [ main:3097 ] - [ INFO ]  1,bing,BoBai
  2017-09-04 13:41:09  [ main:3097 ] - [ INFO ]  2,Jay,BoBai
  2017-09-04 13:41:09  [ main:3097 ] - [ INFO ]  3,baba,YuLin
  